<?xml version="1.0" encoding="UTF-8"?>
<testsuite name="com.neoworks.interviewtests.graph.exercise1.Exercise1Test" tests="1" skipped="0" failures="0" errors="0" timestamp="2018-01-26T09:21:45" hostname="GTA-114613" time="0.004">
  <properties/>
  <testcase name="readFiles" classname="com.neoworks.interviewtests.graph.exercise1.Exercise1Test" time="0.004"/>
  <system-out><![CDATA[File path: C:\Users\anqi.xiong\Desktop\familygraph\src\test\resources
]]></system-out>
  <system-err><![CDATA[]]></system-err>
</testsuite>
